c:\users\tete_h\desktop\caesarcrypt\release\caesarcrypt.obj
c:\users\tete_h\desktop\caesarcrypt\release\vc100.pdb
c:\users\tete_h\desktop\caesarcrypt v2.0\release\caesarcrypt.obj
c:\users\tete_h\desktop\caesarcrypt v2.0\release\vc100.pdb
c:\users\tete_h\desktop\caesarcrypt\release\caesarcrypt.exe
c:\users\tete_h\desktop\caesarcrypt\release\caesarcrypt.exe.intermediate.manifest
c:\users\tete_h\desktop\caesarcrypt\release\caesarcrypt.pdb
c:\users\tete_h\desktop\caesarcrypt v2.0\release\caesarcrypt.exe
c:\users\tete_h\desktop\caesarcrypt v2.0\release\caesarcrypt.exe.intermediate.manifest
c:\users\tete_h\desktop\caesarcrypt v2.0\release\caesarcrypt.pdb
c:\users\tete_h\desktop\caesarcrypt\release\caesarcrypt.res
c:\users\hendrik\desktop\caesarcrypt v2.0\release\vc140.pdb
c:\users\hendrik\desktop\caesarcrypt v2.0\release\caesarcrypt.obj
c:\users\hendrik\desktop\caesarcrypt v2.0\release\caesarcrypt.vcxprojresolveassemblyreference.cache
c:\users\hendrik\desktop\caesarcrypt v2.0\release\caesarcrypt.ipdb
c:\users\hendrik\desktop\caesarcrypt v2.0\release\caesarcrypt.iobj
c:\users\hendrik\desktop\caesarcrypt v2.0\release\caesarcrypt.write.1.tlog
c:\users\hendrik\desktop\caesarcrypt v2.0\release\cl.command.1.tlog
c:\users\hendrik\desktop\caesarcrypt v2.0\release\cl.read.1.tlog
c:\users\hendrik\desktop\caesarcrypt v2.0\release\cl.write.1.tlog
c:\users\hendrik\desktop\caesarcrypt v2.0\release\link.command.1.tlog
c:\users\hendrik\desktop\caesarcrypt v2.0\release\link.read.1.tlog
c:\users\hendrik\desktop\caesarcrypt v2.0\release\link.write.1.tlog
c:\users\hendrik\desktop\caesarcrypt v2.0\release\mt.command.1.tlog
c:\users\hendrik\desktop\caesarcrypt v2.0\release\mt.read.1.tlog
c:\users\hendrik\desktop\caesarcrypt v2.0\release\mt.write.1.tlog
c:\users\hendrik\desktop\caesarcrypt v2.0\release\rc.command.1.tlog
c:\users\hendrik\desktop\caesarcrypt v2.0\release\rc.read.1.tlog
c:\users\hendrik\desktop\caesarcrypt v2.0\release\rc.write.1.tlog
c:\users\hendrik\desktop\caesarcrypt v2.0\release\caesarcrypt.exe.intermediate.manifest
c:\users\hendrik\desktop\caesarcrypt v2.0\release\caesarcrypt.res
c:\users\hendrik\desktop\caesarcrypt v2.0\release\caesarcrypt.pdb
c:\users\hendrik\desktop\caesarcrypt v2.0\release\vc100.pdb
c:\users\hendrik\desktop\caesarcrypt v2.0\release\caesarcrypt.tlog\cl.command.1.tlog
c:\users\hendrik\desktop\caesarcrypt v2.0\release\caesarcrypt.tlog\cl.read.1.tlog
c:\users\hendrik\desktop\caesarcrypt v2.0\release\caesarcrypt.tlog\cl.write.1.tlog
c:\users\hendrik\desktop\caesarcrypt v2.0\release\caesarcrypt.tlog\link-cvtres.read.1.tlog
c:\users\hendrik\desktop\caesarcrypt v2.0\release\caesarcrypt.tlog\link-cvtres.write.1.tlog
c:\users\hendrik\desktop\caesarcrypt v2.0\release\caesarcrypt.tlog\link-rc.read.1.tlog
c:\users\hendrik\desktop\caesarcrypt v2.0\release\caesarcrypt.tlog\link-rc.write.1.tlog
c:\users\hendrik\desktop\caesarcrypt v2.0\release\caesarcrypt.tlog\link.command.1.tlog
c:\users\hendrik\desktop\caesarcrypt v2.0\release\caesarcrypt.tlog\link.read.1.tlog
c:\users\hendrik\desktop\caesarcrypt v2.0\release\caesarcrypt.tlog\link.write.1.tlog
